<?xml version="1.0" encoding="UTF-8"?>
<testng-results skipped="0" failed="0" total="1" passed="1">
  <reporter-output>
  </reporter-output>
  <suite name="Default suite" duration-ms="24920" started-at="2015-06-18T14:12:30Z" finished-at="2015-06-18T14:12:55Z">
    <groups>
    </groups>
    <test name="Default test" duration-ms="24920" started-at="2015-06-18T14:12:30Z" finished-at="2015-06-18T14:12:55Z">
      <class name="TestCases.QuickLookOverlay">
        <test-method status="PASS" signature="homePage()[pri:0, instance:TestCases.QuickLookOverlay@4add5f6d]" name="homePage" duration-ms="24889" started-at="2015-06-18T07:12:30Z" finished-at="2015-06-18T07:12:55Z">
          <reporter-output>
          </reporter-output>
        </test-method> <!-- homePage -->
      </class> <!-- TestCases.QuickLookOverlay -->
    </test> <!-- Default test -->
  </suite> <!-- Default suite -->
</testng-results>
